[2m2026-01-13T14:56:31.015128Z[0m [31mERROR[0m [2mglazewm[0m[2m:[0m gaps.outer_gap: duplicate field `top` at line 51 column 5
[2m2026-01-15T19:53:01.735105Z[0m [31mERROR[0m [2mglazewm[0m[2m:[0m No workspace config available to activate workspace.
[2m2026-01-15T19:53:08.267086Z[0m [31mERROR[0m [2mglazewm[0m[2m:[0m No displayed workspace.
[2m2026-01-15T19:53:35.867907Z[0m [31mERROR[0m [2mglazewm[0m[2m:[0m No displayed workspace.
[2m2026-01-15T19:53:37.595165Z[0m [31mERROR[0m [2mglazewm[0m[2m:[0m No displayed workspace.
[2m2026-01-22T00:17:26.216607Z[0m [31mERROR[0m [2mglazewm[0m[2m:[0m No workspace config available to activate workspace.
[2m2026-01-22T00:17:27.764069Z[0m [31mERROR[0m [2mglazewm[0m[2m:[0m No displayed workspace.
[2m2026-01-22T21:10:12.107915Z[0m [31mERROR[0m [2mglazewm[0m[2m:[0m No displayed workspace.
[2m2026-01-24T09:03:38.666403Z[0m [31mERROR[0m [2mglazewm[0m[2m:[0m Failed to send response: channel closed
[2m2026-01-24T09:03:39.003729Z[0m [31mERROR[0m [2mglazewm[0m[2m:[0m Failed to send response: channel closed
[2m2026-02-25T16:48:16.938759Z[0m [31mERROR[0m [2mglazewm[0m[2m:[0m Failed to send response: channel closed
[2m2026-02-25T16:48:16.984189Z[0m [31mERROR[0m [2mglazewm[0m[2m:[0m Failed to send response: channel closed
[2m2026-03-11T16:32:29.125269Z[0m [31mERROR[0m [2mglazewm[0m[2m:[0m No workspace config available to activate workspace.
[2m2026-03-11T16:32:38.435954Z[0m [31mERROR[0m [2mglazewm[0m[2m:[0m No displayed workspace.
[2m2026-03-11T16:32:47.930767Z[0m [31mERROR[0m [2mglazewm[0m[2m:[0m No displayed workspace.
[2m2026-03-11T16:32:50.915148Z[0m [31mERROR[0m [2mglazewm[0m[2m:[0m No displayed workspace.
[2m2026-03-11T16:33:02.931156Z[0m [31mERROR[0m [2mglazewm[0m[2m:[0m No displayed workspace.
[2m2026-03-11T16:33:13.183190Z[0m [31mERROR[0m [2mglazewm[0m[2m:[0m No displayed workspace.
[2m2026-03-18T16:23:29.547963Z[0m [31mERROR[0m [2mglazewm[0m[2m:[0m No workspace config available to activate workspace.
[2m2026-03-18T16:24:04.290717Z[0m [31mERROR[0m [2mglazewm[0m[2m:[0m No displayed workspace.
[2m2026-03-18T16:34:43.471697Z[0m [31mERROR[0m [2mglazewm[0m[2m:[0m Failed to execute 'ms-teams'.

Error: The operation was canceled by the user. (0x800704C7)
[2m2026-03-19T15:12:29.548585Z[0m [31mERROR[0m [2mglazewm[0m[2m:[0m No workspace config available to activate workspace.
[2m2026-03-19T15:12:49.207851Z[0m [31mERROR[0m [2mglazewm[0m[2m:[0m No displayed workspace.
[2m2026-03-19T15:12:57.569012Z[0m [31mERROR[0m [2mglazewm[0m[2m:[0m No displayed workspace.
[2m2026-03-19T15:46:29.010959Z[0m [31mERROR[0m [2mglazewm[0m[2m:[0m No workspace config available to activate workspace.
[2m2026-03-19T15:46:32.257996Z[0m [31mERROR[0m [2mglazewm[0m[2m:[0m No displayed workspace.
[2m2026-03-19T15:48:35.487289Z[0m [31mERROR[0m [2mglazewm[0m[2m:[0m No displayed workspace.
[2m2026-03-19T15:48:46.321983Z[0m [31mERROR[0m [2mglazewm[0m[2m:[0m No displayed workspace.
[2m2026-03-19T15:49:15.095492Z[0m [31mERROR[0m [2mglazewm[0m[2m:[0m No displayed workspace.
[2m2026-03-19T15:51:23.630022Z[0m [31mERROR[0m [2mglazewm[0m[2m:[0m did not find expected key at line 82 column 20, while parsing a block mapping at line 81 column 5
[2m2026-03-19T15:51:38.729522Z[0m [31mERROR[0m [2mglazewm[0m[2m:[0m did not find expected key at line 82 column 20, while parsing a block mapping at line 81 column 5
[2m2026-03-20T14:30:39.397131Z[0m [31mERROR[0m [2mglazewm[0m[2m:[0m Another instance of the application is already running.
[2m2026-03-23T20:45:42.865360Z[0m [31mERROR[0m [2mglazewm[0m[2m:[0m Failed to send response: channel closed
[2m2026-03-23T20:45:42.870277Z[0m [31mERROR[0m [2mglazewm[0m[2m:[0m Failed to send response: channel closed
[2m2026-03-23T20:45:42.884773Z[0m [31mERROR[0m [2mglazewm[0m[2m:[0m Failed to send response: channel closed
[2m2026-03-23T20:45:42.887340Z[0m [31mERROR[0m [2mglazewm[0m[2m:[0m Failed to send response: channel closed
[2m2026-03-23T23:37:37.973918Z[0m [31mERROR[0m [2mglazewm[0m[2m:[0m Workspace with name '🗓️🗓' doesn't exist or is already active.
[2m2026-03-26T13:22:41.844819Z[0m [31mERROR[0m [2mglazewm[0m[2m:[0m Failed to send response: channel closed
[2m2026-03-26T13:22:41.846277Z[0m [31mERROR[0m [2mglazewm[0m[2m:[0m Failed to send response: channel closed
[2m2026-03-26T13:22:42.179787Z[0m [31mERROR[0m [2mglazewm[0m[2m:[0m Failed to send response: channel closed
[2m2026-03-26T13:22:42.180957Z[0m [31mERROR[0m [2mglazewm[0m[2m:[0m Failed to send response: channel closed
[2m2026-03-26T13:22:42.182773Z[0m [31mERROR[0m [2mglazewm[0m[2m:[0m Failed to send response: channel closed
